The system is: Darwin - 19.5.0 - x86_64
Compiling the CXX compiler identification source file "CMakeCXXCompilerId.cpp" succeeded.
Compiler: /Users/andy/miniconda3/bin/c++ 
Build flags: ;-DVERSION_INFO=\"2.0.0b3\"
Id flags:  

The output was:
0
In file included from <built-in>:339:
<command line>:1:23: warning: missing terminating '"' character [-Winvalid-pp-token]
#define VERSION_INFO \"2.0.0b3\"
                      ^
1 warning generated.


Compilation of the CXX compiler identification source "CMakeCXXCompilerId.cpp" produced "a.out"

The CXX compiler identification is Clang, found in "/Volumes/Workspace/apache-datasketches-cpp/build/temp.macosx-10.9-x86_64-3.7/CMakeFiles/3.14.0/CompilerIdCXX/a.out"

Determining if the CXX compiler works passed with the following output:
Change Dir: /Volumes/Workspace/apache-datasketches-cpp/build/temp.macosx-10.9-x86_64-3.7/CMakeFiles/CMakeTmp

Run Build Command(s):/usr/bin/make cmTC_a17ea/fast 
/Library/Developer/CommandLineTools/usr/bin/make -f CMakeFiles/cmTC_a17ea.dir/build.make CMakeFiles/cmTC_a17ea.dir/build
Building CXX object CMakeFiles/cmTC_a17ea.dir/testCXXCompiler.cxx.o
/Users/andy/miniconda3/bin/c++    -DVERSION_INFO=\"2.0.0b3\"  -isysroot /Library/Developer/CommandLineTools/SDKs/MacOSX10.15.sdk   -o CMakeFiles/cmTC_a17ea.dir/testCXXCompiler.cxx.o -c /Volumes/Workspace/apache-datasketches-cpp/build/temp.macosx-10.9-x86_64-3.7/CMakeFiles/CMakeTmp/testCXXCompiler.cxx
Linking CXX executable cmTC_a17ea
/Users/andy/miniconda3/bin/cmake -E cmake_link_script CMakeFiles/cmTC_a17ea.dir/link.txt --verbose=1
/Users/andy/miniconda3/bin/c++  -DVERSION_INFO=\"2.0.0b3\"  -isysroot /Library/Developer/CommandLineTools/SDKs/MacOSX10.15.sdk -Wl,-search_paths_first -Wl,-headerpad_max_install_names   CMakeFiles/cmTC_a17ea.dir/testCXXCompiler.cxx.o  -o cmTC_a17ea 
ld: warning: ignoring file /Library/Developer/CommandLineTools/SDKs/MacOSX10.15.sdk/usr/lib/libSystem.tbd, file was built for unsupported file format ( 0x2D 0x2D 0x2D 0x20 0x21 0x74 0x61 0x70 0x69 0x2D 0x74 0x62 0x64 0x2D 0x76 0x33 ) which is not the architecture being linked (x86_64): /Library/Developer/CommandLineTools/SDKs/MacOSX10.15.sdk/usr/lib/libSystem.tbd


Detecting CXX compiler ABI info compiled with the following output:
Change Dir: /Volumes/Workspace/apache-datasketches-cpp/build/temp.macosx-10.9-x86_64-3.7/CMakeFiles/CMakeTmp

Run Build Command(s):/usr/bin/make cmTC_3be71/fast 
/Library/Developer/CommandLineTools/usr/bin/make -f CMakeFiles/cmTC_3be71.dir/build.make CMakeFiles/cmTC_3be71.dir/build
Building CXX object CMakeFiles/cmTC_3be71.dir/CMakeCXXCompilerABI.cpp.o
/Users/andy/miniconda3/bin/c++    -DVERSION_INFO=\"2.0.0b3\"  -isysroot /Library/Developer/CommandLineTools/SDKs/MacOSX10.15.sdk   -v -Wl,-v -o CMakeFiles/cmTC_3be71.dir/CMakeCXXCompilerABI.cpp.o -c /Users/andy/miniconda3/share/cmake-3.14/Modules/CMakeCXXCompilerABI.cpp
clang version 4.0.1 (tags/RELEASE_401/final)
Target: x86_64-apple-darwin19.5.0
Thread model: posix
InstalledDir: /Users/andy/miniconda3/bin
clang-4.0: warning: -Wl,-v: 'linker' input unused [-Wunused-command-line-argument]
 "/Users/andy/miniconda3/bin/clang-4.0" -cc1 -triple x86_64-apple-macosx10.15.0 -Wdeprecated-objc-isa-usage -Werror=deprecated-objc-isa-usage -emit-obj -mrelax-all -disable-free -disable-llvm-verifier -discard-value-names -main-file-name CMakeCXXCompilerABI.cpp -mrelocation-model pic -pic-level 2 -mthread-model posix -mdisable-fp-elim -masm-verbose -munwind-tables -target-cpu penryn -target-linker-version 241.9 -v -dwarf-column-info -debugger-tuning=lldb -coverage-notes-file /Volumes/Workspace/apache-datasketches-cpp/build/temp.macosx-10.9-x86_64-3.7/CMakeFiles/CMakeTmp/CMakeFiles/cmTC_3be71.dir/CMakeCXXCompilerABI.cpp.gcno -resource-dir /Users/andy/miniconda3/bin/../lib/clang/4.0.1 -isysroot /Library/Developer/CommandLineTools/SDKs/MacOSX10.15.sdk -D "VERSION_INFO=\"2.0.0b3\"" -stdlib=libc++ -fdeprecated-macro -fdebug-compilation-dir /Volumes/Workspace/apache-datasketches-cpp/build/temp.macosx-10.9-x86_64-3.7/CMakeFiles/CMakeTmp -ferror-limit 19 -fmessage-length 0 -stack-protector 1 -fblocks -fobjc-runtime=macosx-10.15.0 -fencode-extended-block-signature -fcxx-exceptions -fexceptions -fmax-type-align=16 -fdiagnostics-show-option -o CMakeFiles/cmTC_3be71.dir/CMakeCXXCompilerABI.cpp.o -x c++ /Users/andy/miniconda3/share/cmake-3.14/Modules/CMakeCXXCompilerABI.cpp
clang -cc1 version 4.0.1 based upon LLVM 4.0.1 default target x86_64-apple-darwin19.5.0
ignoring nonexistent directory "/Library/Developer/CommandLineTools/SDKs/MacOSX10.15.sdk/usr/include/c++/v1"
ignoring nonexistent directory "/Library/Developer/CommandLineTools/SDKs/MacOSX10.15.sdk/usr/local/include"
ignoring nonexistent directory "/Library/Developer/CommandLineTools/SDKs/MacOSX10.15.sdk/Library/Frameworks"
#include "..." search starts here:
#include <...> search starts here:
 /Users/andy/miniconda3/bin/../include/c++/v1
 /Users/andy/miniconda3/bin/../lib/clang/4.0.1/include
 /Library/Developer/CommandLineTools/SDKs/MacOSX10.15.sdk/usr/include
 /Library/Developer/CommandLineTools/SDKs/MacOSX10.15.sdk/System/Library/Frameworks (framework directory)
End of search list.
Linking CXX executable cmTC_3be71
/Users/andy/miniconda3/bin/cmake -E cmake_link_script CMakeFiles/cmTC_3be71.dir/link.txt --verbose=1
/Users/andy/miniconda3/bin/c++  -DVERSION_INFO=\"2.0.0b3\"  -isysroot /Library/Developer/CommandLineTools/SDKs/MacOSX10.15.sdk -Wl,-search_paths_first -Wl,-headerpad_max_install_names  -v -Wl,-v CMakeFiles/cmTC_3be71.dir/CMakeCXXCompilerABI.cpp.o  -o cmTC_3be71 
clang version 4.0.1 (tags/RELEASE_401/final)
Target: x86_64-apple-darwin19.5.0
Thread model: posix
InstalledDir: /Users/andy/miniconda3/bin
 "/Users/andy/miniconda3/bin/ld" -demangle -lto_library /Users/andy/miniconda3/lib/libLTO.dylib -dynamic -arch x86_64 -macosx_version_min 10.15.0 -syslibroot /Library/Developer/CommandLineTools/SDKs/MacOSX10.15.sdk -o cmTC_3be71 -search_paths_first -headerpad_max_install_names -v CMakeFiles/cmTC_3be71.dir/CMakeCXXCompilerABI.cpp.o -lc++ -lSystem /Users/andy/miniconda3/bin/../lib/clang/4.0.1/lib/darwin/libclang_rt.osx.a
@(#)PROGRAM:ld  PROJECT: ld64-274.2
configured to support archs: armv6 armv7 armv7s arm64 i386 x86_64 x86_64h armv6m armv7k armv7m armv7em (tvOS)
Library search paths:
	/Users/andy/miniconda3/lib
	/Library/Developer/CommandLineTools/SDKs/MacOSX10.15.sdk/usr/lib
Framework search paths:
	/Library/Developer/CommandLineTools/SDKs/MacOSX10.15.sdk/System/Library/Frameworks/
ld: warning: ignoring file /Library/Developer/CommandLineTools/SDKs/MacOSX10.15.sdk/usr/lib/libSystem.tbd, file was built for unsupported file format ( 0x2D 0x2D 0x2D 0x20 0x21 0x74 0x61 0x70 0x69 0x2D 0x74 0x62 0x64 0x2D 0x76 0x33 ) which is not the architecture being linked (x86_64): /Library/Developer/CommandLineTools/SDKs/MacOSX10.15.sdk/usr/lib/libSystem.tbd


Parsed CXX implicit include dir info from above output: rv=done
  found start of include info
  found start of implicit include info
    add: [/Users/andy/miniconda3/bin/../include/c++/v1]
    add: [/Users/andy/miniconda3/bin/../lib/clang/4.0.1/include]
    add: [/Library/Developer/CommandLineTools/SDKs/MacOSX10.15.sdk/usr/include]
  end of search list found
  implicit include dirs: [/Users/andy/miniconda3/bin/../include/c++/v1;/Users/andy/miniconda3/bin/../lib/clang/4.0.1/include;/Library/Developer/CommandLineTools/SDKs/MacOSX10.15.sdk/usr/include]


Parsed CXX implicit link information from above output:
  link line regex: [^( *|.*[/\])(ld|CMAKE_LINK_STARTFILE-NOTFOUND|([^/\]+-)?ld|collect2)[^/\]*( |$)]
  ignore line: [Change Dir: /Volumes/Workspace/apache-datasketches-cpp/build/temp.macosx-10.9-x86_64-3.7/CMakeFiles/CMakeTmp]
  ignore line: []
  ignore line: [Run Build Command(s):/usr/bin/make cmTC_3be71/fast ]
  ignore line: [/Library/Developer/CommandLineTools/usr/bin/make -f CMakeFiles/cmTC_3be71.dir/build.make CMakeFiles/cmTC_3be71.dir/build]
  ignore line: [Building CXX object CMakeFiles/cmTC_3be71.dir/CMakeCXXCompilerABI.cpp.o]
  ignore line: [/Users/andy/miniconda3/bin/c++    -DVERSION_INFO=\"2.0.0b3\"  -isysroot /Library/Developer/CommandLineTools/SDKs/MacOSX10.15.sdk   -v -Wl,-v -o CMakeFiles/cmTC_3be71.dir/CMakeCXXCompilerABI.cpp.o -c /Users/andy/miniconda3/share/cmake-3.14/Modules/CMakeCXXCompilerABI.cpp]
  ignore line: [clang version 4.0.1 (tags/RELEASE_401/final)]
  ignore line: [Target: x86_64-apple-darwin19.5.0]
  ignore line: [Thread model: posix]
  ignore line: [InstalledDir: /Users/andy/miniconda3/bin]
  ignore line: [clang-4.0: warning: -Wl,-v: 'linker' input unused [-Wunused-command-line-argument]]
  ignore line: [ "/Users/andy/miniconda3/bin/clang-4.0" -cc1 -triple x86_64-apple-macosx10.15.0 -Wdeprecated-objc-isa-usage -Werror=deprecated-objc-isa-usage -emit-obj -mrelax-all -disable-free -disable-llvm-verifier -discard-value-names -main-file-name CMakeCXXCompilerABI.cpp -mrelocation-model pic -pic-level 2 -mthread-model posix -mdisable-fp-elim -masm-verbose -munwind-tables -target-cpu penryn -target-linker-version 241.9 -v -dwarf-column-info -debugger-tuning=lldb -coverage-notes-file /Volumes/Workspace/apache-datasketches-cpp/build/temp.macosx-10.9-x86_64-3.7/CMakeFiles/CMakeTmp/CMakeFiles/cmTC_3be71.dir/CMakeCXXCompilerABI.cpp.gcno -resource-dir /Users/andy/miniconda3/bin/../lib/clang/4.0.1 -isysroot /Library/Developer/CommandLineTools/SDKs/MacOSX10.15.sdk -D "VERSION_INFO=\"2.0.0b3\"" -stdlib=libc++ -fdeprecated-macro -fdebug-compilation-dir /Volumes/Workspace/apache-datasketches-cpp/build/temp.macosx-10.9-x86_64-3.7/CMakeFiles/CMakeTmp -ferror-limit 19 -fmessage-length 0 -stack-protector 1 -fblocks -fobjc-runtime=macosx-10.15.0 -fencode-extended-block-signature -fcxx-exceptions -fexceptions -fmax-type-align=16 -fdiagnostics-show-option -o CMakeFiles/cmTC_3be71.dir/CMakeCXXCompilerABI.cpp.o -x c++ /Users/andy/miniconda3/share/cmake-3.14/Modules/CMakeCXXCompilerABI.cpp]
  ignore line: [clang -cc1 version 4.0.1 based upon LLVM 4.0.1 default target x86_64-apple-darwin19.5.0]
  ignore line: [ignoring nonexistent directory "/Library/Developer/CommandLineTools/SDKs/MacOSX10.15.sdk/usr/include/c++/v1"]
  ignore line: [ignoring nonexistent directory "/Library/Developer/CommandLineTools/SDKs/MacOSX10.15.sdk/usr/local/include"]
  ignore line: [ignoring nonexistent directory "/Library/Developer/CommandLineTools/SDKs/MacOSX10.15.sdk/Library/Frameworks"]
  ignore line: [#include "..." search starts here:]
  ignore line: [#include <...> search starts here:]
  ignore line: [ /Users/andy/miniconda3/bin/../include/c++/v1]
  ignore line: [ /Users/andy/miniconda3/bin/../lib/clang/4.0.1/include]
  ignore line: [ /Library/Developer/CommandLineTools/SDKs/MacOSX10.15.sdk/usr/include]
  ignore line: [ /Library/Developer/CommandLineTools/SDKs/MacOSX10.15.sdk/System/Library/Frameworks (framework directory)]
  ignore line: [End of search list.]
  ignore line: [Linking CXX executable cmTC_3be71]
  ignore line: [/Users/andy/miniconda3/bin/cmake -E cmake_link_script CMakeFiles/cmTC_3be71.dir/link.txt --verbose=1]
  ignore line: [/Users/andy/miniconda3/bin/c++  -DVERSION_INFO=\"2.0.0b3\"  -isysroot /Library/Developer/CommandLineTools/SDKs/MacOSX10.15.sdk -Wl,-search_paths_first -Wl,-headerpad_max_install_names  -v -Wl,-v CMakeFiles/cmTC_3be71.dir/CMakeCXXCompilerABI.cpp.o  -o cmTC_3be71 ]
  ignore line: [clang version 4.0.1 (tags/RELEASE_401/final)]
  ignore line: [Target: x86_64-apple-darwin19.5.0]
  ignore line: [Thread model: posix]
  ignore line: [InstalledDir: /Users/andy/miniconda3/bin]
  link line: [ "/Users/andy/miniconda3/bin/ld" -demangle -lto_library /Users/andy/miniconda3/lib/libLTO.dylib -dynamic -arch x86_64 -macosx_version_min 10.15.0 -syslibroot /Library/Developer/CommandLineTools/SDKs/MacOSX10.15.sdk -o cmTC_3be71 -search_paths_first -headerpad_max_install_names -v CMakeFiles/cmTC_3be71.dir/CMakeCXXCompilerABI.cpp.o -lc++ -lSystem /Users/andy/miniconda3/bin/../lib/clang/4.0.1/lib/darwin/libclang_rt.osx.a]
    arg [/Users/andy/miniconda3/bin/ld] ==> ignore
    arg [-demangle] ==> ignore
    arg [-lto_library] ==> ignore, skip following value
    arg [/Users/andy/miniconda3/lib/libLTO.dylib] ==> skip value of -lto_library
    arg [-dynamic] ==> ignore
    arg [-arch] ==> ignore
    arg [x86_64] ==> ignore
    arg [-macosx_version_min] ==> ignore
    arg [10.15.0] ==> ignore
    arg [-syslibroot] ==> ignore
    arg [/Library/Developer/CommandLineTools/SDKs/MacOSX10.15.sdk] ==> ignore
    arg [-o] ==> ignore
    arg [cmTC_3be71] ==> ignore
    arg [-search_paths_first] ==> ignore
    arg [-headerpad_max_install_names] ==> ignore
    arg [-v] ==> ignore
    arg [CMakeFiles/cmTC_3be71.dir/CMakeCXXCompilerABI.cpp.o] ==> ignore
    arg [-lc++] ==> lib [c++]
    arg [-lSystem] ==> lib [System]
    arg [/Users/andy/miniconda3/bin/../lib/clang/4.0.1/lib/darwin/libclang_rt.osx.a] ==> lib [/Users/andy/miniconda3/bin/../lib/clang/4.0.1/lib/darwin/libclang_rt.osx.a]
  Library search paths: [;/Users/andy/miniconda3/lib;/Library/Developer/CommandLineTools/SDKs/MacOSX10.15.sdk/usr/lib]
  Framework search paths: [;/Library/Developer/CommandLineTools/SDKs/MacOSX10.15.sdk/System/Library/Frameworks/]
  remove lib [System]
  remove lib [/Users/andy/miniconda3/bin/../lib/clang/4.0.1/lib/darwin/libclang_rt.osx.a]
  collapse library dir [/Users/andy/miniconda3/lib] ==> [/Users/andy/miniconda3/lib]
  collapse library dir [/Library/Developer/CommandLineTools/SDKs/MacOSX10.15.sdk/usr/lib] ==> [/Library/Developer/CommandLineTools/SDKs/MacOSX10.15.sdk/usr/lib]
  collapse framework dir [/Library/Developer/CommandLineTools/SDKs/MacOSX10.15.sdk/System/Library/Frameworks/] ==> [/Library/Developer/CommandLineTools/SDKs/MacOSX10.15.sdk/System/Library/Frameworks]
  implicit libs: [c++]
  implicit dirs: [/Users/andy/miniconda3/lib;/Library/Developer/CommandLineTools/SDKs/MacOSX10.15.sdk/usr/lib]
  implicit fwks: [/Library/Developer/CommandLineTools/SDKs/MacOSX10.15.sdk/System/Library/Frameworks]




Detecting CXX [-std=c++1z] compiler features compiled with the following output:
Change Dir: /Volumes/Workspace/apache-datasketches-cpp/build/temp.macosx-10.9-x86_64-3.7/CMakeFiles/CMakeTmp

Run Build Command(s):/usr/bin/make cmTC_47354/fast 
/Library/Developer/CommandLineTools/usr/bin/make -f CMakeFiles/cmTC_47354.dir/build.make CMakeFiles/cmTC_47354.dir/build
Building CXX object CMakeFiles/cmTC_47354.dir/feature_tests.cxx.o
/Users/andy/miniconda3/bin/c++    -DVERSION_INFO=\"2.0.0b3\"  -isysroot /Library/Developer/CommandLineTools/SDKs/MacOSX10.15.sdk   -std=c++1z -o CMakeFiles/cmTC_47354.dir/feature_tests.cxx.o -c /Volumes/Workspace/apache-datasketches-cpp/build/temp.macosx-10.9-x86_64-3.7/CMakeFiles/feature_tests.cxx
Linking CXX executable cmTC_47354
/Users/andy/miniconda3/bin/cmake -E cmake_link_script CMakeFiles/cmTC_47354.dir/link.txt --verbose=1
/Users/andy/miniconda3/bin/c++  -DVERSION_INFO=\"2.0.0b3\"  -isysroot /Library/Developer/CommandLineTools/SDKs/MacOSX10.15.sdk -Wl,-search_paths_first -Wl,-headerpad_max_install_names   CMakeFiles/cmTC_47354.dir/feature_tests.cxx.o  -o cmTC_47354 
ld: warning: ignoring file /Library/Developer/CommandLineTools/SDKs/MacOSX10.15.sdk/usr/lib/libSystem.tbd, file was built for unsupported file format ( 0x2D 0x2D 0x2D 0x20 0x21 0x74 0x61 0x70 0x69 0x2D 0x74 0x62 0x64 0x2D 0x76 0x33 ) which is not the architecture being linked (x86_64): /Library/Developer/CommandLineTools/SDKs/MacOSX10.15.sdk/usr/lib/libSystem.tbd


    Feature record: CXX_FEATURE:1cxx_aggregate_default_initializers
    Feature record: CXX_FEATURE:1cxx_alias_templates
    Feature record: CXX_FEATURE:1cxx_alignas
    Feature record: CXX_FEATURE:1cxx_alignof
    Feature record: CXX_FEATURE:1cxx_attributes
    Feature record: CXX_FEATURE:1cxx_attribute_deprecated
    Feature record: CXX_FEATURE:1cxx_auto_type
    Feature record: CXX_FEATURE:1cxx_binary_literals
    Feature record: CXX_FEATURE:1cxx_constexpr
    Feature record: CXX_FEATURE:1cxx_contextual_conversions
    Feature record: CXX_FEATURE:1cxx_decltype
    Feature record: CXX_FEATURE:1cxx_decltype_auto
    Feature record: CXX_FEATURE:1cxx_decltype_incomplete_return_types
    Feature record: CXX_FEATURE:1cxx_default_function_template_args
    Feature record: CXX_FEATURE:1cxx_defaulted_functions
    Feature record: CXX_FEATURE:1cxx_defaulted_move_initializers
    Feature record: CXX_FEATURE:1cxx_delegating_constructors
    Feature record: CXX_FEATURE:1cxx_deleted_functions
    Feature record: CXX_FEATURE:1cxx_digit_separators
    Feature record: CXX_FEATURE:1cxx_enum_forward_declarations
    Feature record: CXX_FEATURE:1cxx_explicit_conversions
    Feature record: CXX_FEATURE:1cxx_extended_friend_declarations
    Feature record: CXX_FEATURE:1cxx_extern_templates
    Feature record: CXX_FEATURE:1cxx_final
    Feature record: CXX_FEATURE:1cxx_func_identifier
    Feature record: CXX_FEATURE:1cxx_generalized_initializers
    Feature record: CXX_FEATURE:1cxx_generic_lambdas
    Feature record: CXX_FEATURE:1cxx_inheriting_constructors
    Feature record: CXX_FEATURE:1cxx_inline_namespaces
    Feature record: CXX_FEATURE:1cxx_lambdas
    Feature record: CXX_FEATURE:1cxx_lambda_init_captures
    Feature record: CXX_FEATURE:1cxx_local_type_template_args
    Feature record: CXX_FEATURE:1cxx_long_long_type
    Feature record: CXX_FEATURE:1cxx_noexcept
    Feature record: CXX_FEATURE:1cxx_nonstatic_member_init
    Feature record: CXX_FEATURE:1cxx_nullptr
    Feature record: CXX_FEATURE:1cxx_override
    Feature record: CXX_FEATURE:1cxx_range_for
    Feature record: CXX_FEATURE:1cxx_raw_string_literals
    Feature record: CXX_FEATURE:1cxx_reference_qualified_functions
    Feature record: CXX_FEATURE:1cxx_relaxed_constexpr
    Feature record: CXX_FEATURE:1cxx_return_type_deduction
    Feature record: CXX_FEATURE:1cxx_right_angle_brackets
    Feature record: CXX_FEATURE:1cxx_rvalue_references
    Feature record: CXX_FEATURE:1cxx_sizeof_member
    Feature record: CXX_FEATURE:1cxx_static_assert
    Feature record: CXX_FEATURE:1cxx_strong_enums
    Feature record: CXX_FEATURE:1cxx_template_template_parameters
    Feature record: CXX_FEATURE:1cxx_thread_local
    Feature record: CXX_FEATURE:1cxx_trailing_return_types
    Feature record: CXX_FEATURE:1cxx_unicode_literals
    Feature record: CXX_FEATURE:1cxx_uniform_initialization
    Feature record: CXX_FEATURE:1cxx_unrestricted_unions
    Feature record: CXX_FEATURE:1cxx_user_literals
    Feature record: CXX_FEATURE:1cxx_variable_templates
    Feature record: CXX_FEATURE:1cxx_variadic_macros
    Feature record: CXX_FEATURE:1cxx_variadic_templates


Detecting CXX [-std=c++14] compiler features compiled with the following output:
Change Dir: /Volumes/Workspace/apache-datasketches-cpp/build/temp.macosx-10.9-x86_64-3.7/CMakeFiles/CMakeTmp

Run Build Command(s):/usr/bin/make cmTC_71b5f/fast 
/Library/Developer/CommandLineTools/usr/bin/make -f CMakeFiles/cmTC_71b5f.dir/build.make CMakeFiles/cmTC_71b5f.dir/build
Building CXX object CMakeFiles/cmTC_71b5f.dir/feature_tests.cxx.o
/Users/andy/miniconda3/bin/c++    -DVERSION_INFO=\"2.0.0b3\"  -isysroot /Library/Developer/CommandLineTools/SDKs/MacOSX10.15.sdk   -std=c++14 -o CMakeFiles/cmTC_71b5f.dir/feature_tests.cxx.o -c /Volumes/Workspace/apache-datasketches-cpp/build/temp.macosx-10.9-x86_64-3.7/CMakeFiles/feature_tests.cxx
Linking CXX executable cmTC_71b5f
/Users/andy/miniconda3/bin/cmake -E cmake_link_script CMakeFiles/cmTC_71b5f.dir/link.txt --verbose=1
/Users/andy/miniconda3/bin/c++  -DVERSION_INFO=\"2.0.0b3\"  -isysroot /Library/Developer/CommandLineTools/SDKs/MacOSX10.15.sdk -Wl,-search_paths_first -Wl,-headerpad_max_install_names   CMakeFiles/cmTC_71b5f.dir/feature_tests.cxx.o  -o cmTC_71b5f 
ld: warning: ignoring file /Library/Developer/CommandLineTools/SDKs/MacOSX10.15.sdk/usr/lib/libSystem.tbd, file was built for unsupported file format ( 0x2D 0x2D 0x2D 0x20 0x21 0x74 0x61 0x70 0x69 0x2D 0x74 0x62 0x64 0x2D 0x76 0x33 ) which is not the architecture being linked (x86_64): /Library/Developer/CommandLineTools/SDKs/MacOSX10.15.sdk/usr/lib/libSystem.tbd


    Feature record: CXX_FEATURE:1cxx_aggregate_default_initializers
    Feature record: CXX_FEATURE:1cxx_alias_templates
    Feature record: CXX_FEATURE:1cxx_alignas
    Feature record: CXX_FEATURE:1cxx_alignof
    Feature record: CXX_FEATURE:1cxx_attributes
    Feature record: CXX_FEATURE:1cxx_attribute_deprecated
    Feature record: CXX_FEATURE:1cxx_auto_type
    Feature record: CXX_FEATURE:1cxx_binary_literals
    Feature record: CXX_FEATURE:1cxx_constexpr
    Feature record: CXX_FEATURE:1cxx_contextual_conversions
    Feature record: CXX_FEATURE:1cxx_decltype
    Feature record: CXX_FEATURE:1cxx_decltype_auto
    Feature record: CXX_FEATURE:1cxx_decltype_incomplete_return_types
    Feature record: CXX_FEATURE:1cxx_default_function_template_args
    Feature record: CXX_FEATURE:1cxx_defaulted_functions
    Feature record: CXX_FEATURE:1cxx_defaulted_move_initializers
    Feature record: CXX_FEATURE:1cxx_delegating_constructors
    Feature record: CXX_FEATURE:1cxx_deleted_functions
    Feature record: CXX_FEATURE:1cxx_digit_separators
    Feature record: CXX_FEATURE:1cxx_enum_forward_declarations
    Feature record: CXX_FEATURE:1cxx_explicit_conversions
    Feature record: CXX_FEATURE:1cxx_extended_friend_declarations
    Feature record: CXX_FEATURE:1cxx_extern_templates
    Feature record: CXX_FEATURE:1cxx_final
    Feature record: CXX_FEATURE:1cxx_func_identifier
    Feature record: CXX_FEATURE:1cxx_generalized_initializers
    Feature record: CXX_FEATURE:1cxx_generic_lambdas
    Feature record: CXX_FEATURE:1cxx_inheriting_constructors
    Feature record: CXX_FEATURE:1cxx_inline_namespaces
    Feature record: CXX_FEATURE:1cxx_lambdas
    Feature record: CXX_FEATURE:1cxx_lambda_init_captures
    Feature record: CXX_FEATURE:1cxx_local_type_template_args
    Feature record: CXX_FEATURE:1cxx_long_long_type
    Feature record: CXX_FEATURE:1cxx_noexcept
    Feature record: CXX_FEATURE:1cxx_nonstatic_member_init
    Feature record: CXX_FEATURE:1cxx_nullptr
    Feature record: CXX_FEATURE:1cxx_override
    Feature record: CXX_FEATURE:1cxx_range_for
    Feature record: CXX_FEATURE:1cxx_raw_string_literals
    Feature record: CXX_FEATURE:1cxx_reference_qualified_functions
    Feature record: CXX_FEATURE:1cxx_relaxed_constexpr
    Feature record: CXX_FEATURE:1cxx_return_type_deduction
    Feature record: CXX_FEATURE:1cxx_right_angle_brackets
    Feature record: CXX_FEATURE:1cxx_rvalue_references
    Feature record: CXX_FEATURE:1cxx_sizeof_member
    Feature record: CXX_FEATURE:1cxx_static_assert
    Feature record: CXX_FEATURE:1cxx_strong_enums
    Feature record: CXX_FEATURE:1cxx_template_template_parameters
    Feature record: CXX_FEATURE:1cxx_thread_local
    Feature record: CXX_FEATURE:1cxx_trailing_return_types
    Feature record: CXX_FEATURE:1cxx_unicode_literals
    Feature record: CXX_FEATURE:1cxx_uniform_initialization
    Feature record: CXX_FEATURE:1cxx_unrestricted_unions
    Feature record: CXX_FEATURE:1cxx_user_literals
    Feature record: CXX_FEATURE:1cxx_variable_templates
    Feature record: CXX_FEATURE:1cxx_variadic_macros
    Feature record: CXX_FEATURE:1cxx_variadic_templates


Detecting CXX [-std=c++11] compiler features compiled with the following output:
Change Dir: /Volumes/Workspace/apache-datasketches-cpp/build/temp.macosx-10.9-x86_64-3.7/CMakeFiles/CMakeTmp

Run Build Command(s):/usr/bin/make cmTC_91653/fast 
/Library/Developer/CommandLineTools/usr/bin/make -f CMakeFiles/cmTC_91653.dir/build.make CMakeFiles/cmTC_91653.dir/build
Building CXX object CMakeFiles/cmTC_91653.dir/feature_tests.cxx.o
/Users/andy/miniconda3/bin/c++    -DVERSION_INFO=\"2.0.0b3\"  -isysroot /Library/Developer/CommandLineTools/SDKs/MacOSX10.15.sdk   -std=c++11 -o CMakeFiles/cmTC_91653.dir/feature_tests.cxx.o -c /Volumes/Workspace/apache-datasketches-cpp/build/temp.macosx-10.9-x86_64-3.7/CMakeFiles/feature_tests.cxx
Linking CXX executable cmTC_91653
/Users/andy/miniconda3/bin/cmake -E cmake_link_script CMakeFiles/cmTC_91653.dir/link.txt --verbose=1
/Users/andy/miniconda3/bin/c++  -DVERSION_INFO=\"2.0.0b3\"  -isysroot /Library/Developer/CommandLineTools/SDKs/MacOSX10.15.sdk -Wl,-search_paths_first -Wl,-headerpad_max_install_names   CMakeFiles/cmTC_91653.dir/feature_tests.cxx.o  -o cmTC_91653 
ld: warning: ignoring file /Library/Developer/CommandLineTools/SDKs/MacOSX10.15.sdk/usr/lib/libSystem.tbd, file was built for unsupported file format ( 0x2D 0x2D 0x2D 0x20 0x21 0x74 0x61 0x70 0x69 0x2D 0x74 0x62 0x64 0x2D 0x76 0x33 ) which is not the architecture being linked (x86_64): /Library/Developer/CommandLineTools/SDKs/MacOSX10.15.sdk/usr/lib/libSystem.tbd


    Feature record: CXX_FEATURE:0cxx_aggregate_default_initializers
    Feature record: CXX_FEATURE:1cxx_alias_templates
    Feature record: CXX_FEATURE:1cxx_alignas
    Feature record: CXX_FEATURE:1cxx_alignof
    Feature record: CXX_FEATURE:1cxx_attributes
    Feature record: CXX_FEATURE:0cxx_attribute_deprecated
    Feature record: CXX_FEATURE:1cxx_auto_type
    Feature record: CXX_FEATURE:0cxx_binary_literals
    Feature record: CXX_FEATURE:1cxx_constexpr
    Feature record: CXX_FEATURE:0cxx_contextual_conversions
    Feature record: CXX_FEATURE:1cxx_decltype
    Feature record: CXX_FEATURE:0cxx_decltype_auto
    Feature record: CXX_FEATURE:1cxx_decltype_incomplete_return_types
    Feature record: CXX_FEATURE:1cxx_default_function_template_args
    Feature record: CXX_FEATURE:1cxx_defaulted_functions
    Feature record: CXX_FEATURE:1cxx_defaulted_move_initializers
    Feature record: CXX_FEATURE:1cxx_delegating_constructors
    Feature record: CXX_FEATURE:1cxx_deleted_functions
    Feature record: CXX_FEATURE:0cxx_digit_separators
    Feature record: CXX_FEATURE:1cxx_enum_forward_declarations
    Feature record: CXX_FEATURE:1cxx_explicit_conversions
    Feature record: CXX_FEATURE:1cxx_extended_friend_declarations
    Feature record: CXX_FEATURE:1cxx_extern_templates
    Feature record: CXX_FEATURE:1cxx_final
    Feature record: CXX_FEATURE:1cxx_func_identifier
    Feature record: CXX_FEATURE:1cxx_generalized_initializers
    Feature record: CXX_FEATURE:0cxx_generic_lambdas
    Feature record: CXX_FEATURE:1cxx_inheriting_constructors
    Feature record: CXX_FEATURE:1cxx_inline_namespaces
    Feature record: CXX_FEATURE:1cxx_lambdas
    Feature record: CXX_FEATURE:0cxx_lambda_init_captures
    Feature record: CXX_FEATURE:1cxx_local_type_template_args
    Feature record: CXX_FEATURE:1cxx_long_long_type
    Feature record: CXX_FEATURE:1cxx_noexcept
    Feature record: CXX_FEATURE:1cxx_nonstatic_member_init
    Feature record: CXX_FEATURE:1cxx_nullptr
    Feature record: CXX_FEATURE:1cxx_override
    Feature record: CXX_FEATURE:1cxx_range_for
    Feature record: CXX_FEATURE:1cxx_raw_string_literals
    Feature record: CXX_FEATURE:1cxx_reference_qualified_functions
    Feature record: CXX_FEATURE:0cxx_relaxed_constexpr
    Feature record: CXX_FEATURE:0cxx_return_type_deduction
    Feature record: CXX_FEATURE:1cxx_right_angle_brackets
    Feature record: CXX_FEATURE:1cxx_rvalue_references
    Feature record: CXX_FEATURE:1cxx_sizeof_member
    Feature record: CXX_FEATURE:1cxx_static_assert
    Feature record: CXX_FEATURE:1cxx_strong_enums
    Feature record: CXX_FEATURE:1cxx_template_template_parameters
    Feature record: CXX_FEATURE:1cxx_thread_local
    Feature record: CXX_FEATURE:1cxx_trailing_return_types
    Feature record: CXX_FEATURE:1cxx_unicode_literals
    Feature record: CXX_FEATURE:1cxx_uniform_initialization
    Feature record: CXX_FEATURE:1cxx_unrestricted_unions
    Feature record: CXX_FEATURE:1cxx_user_literals
    Feature record: CXX_FEATURE:0cxx_variable_templates
    Feature record: CXX_FEATURE:1cxx_variadic_macros
    Feature record: CXX_FEATURE:1cxx_variadic_templates


Detecting CXX [-std=c++98] compiler features compiled with the following output:
Change Dir: /Volumes/Workspace/apache-datasketches-cpp/build/temp.macosx-10.9-x86_64-3.7/CMakeFiles/CMakeTmp

Run Build Command(s):/usr/bin/make cmTC_71367/fast 
/Library/Developer/CommandLineTools/usr/bin/make -f CMakeFiles/cmTC_71367.dir/build.make CMakeFiles/cmTC_71367.dir/build
Building CXX object CMakeFiles/cmTC_71367.dir/feature_tests.cxx.o
/Users/andy/miniconda3/bin/c++    -DVERSION_INFO=\"2.0.0b3\"  -isysroot /Library/Developer/CommandLineTools/SDKs/MacOSX10.15.sdk   -std=c++98 -o CMakeFiles/cmTC_71367.dir/feature_tests.cxx.o -c /Volumes/Workspace/apache-datasketches-cpp/build/temp.macosx-10.9-x86_64-3.7/CMakeFiles/feature_tests.cxx
Linking CXX executable cmTC_71367
/Users/andy/miniconda3/bin/cmake -E cmake_link_script CMakeFiles/cmTC_71367.dir/link.txt --verbose=1
/Users/andy/miniconda3/bin/c++  -DVERSION_INFO=\"2.0.0b3\"  -isysroot /Library/Developer/CommandLineTools/SDKs/MacOSX10.15.sdk -Wl,-search_paths_first -Wl,-headerpad_max_install_names   CMakeFiles/cmTC_71367.dir/feature_tests.cxx.o  -o cmTC_71367 
ld: warning: ignoring file /Library/Developer/CommandLineTools/SDKs/MacOSX10.15.sdk/usr/lib/libSystem.tbd, file was built for unsupported file format ( 0x2D 0x2D 0x2D 0x20 0x21 0x74 0x61 0x70 0x69 0x2D 0x74 0x62 0x64 0x2D 0x76 0x33 ) which is not the architecture being linked (x86_64): /Library/Developer/CommandLineTools/SDKs/MacOSX10.15.sdk/usr/lib/libSystem.tbd


    Feature record: CXX_FEATURE:0cxx_aggregate_default_initializers
    Feature record: CXX_FEATURE:0cxx_alias_templates
    Feature record: CXX_FEATURE:0cxx_alignas
    Feature record: CXX_FEATURE:0cxx_alignof
    Feature record: CXX_FEATURE:0cxx_attributes
    Feature record: CXX_FEATURE:0cxx_attribute_deprecated
    Feature record: CXX_FEATURE:0cxx_auto_type
    Feature record: CXX_FEATURE:0cxx_binary_literals
    Feature record: CXX_FEATURE:0cxx_constexpr
    Feature record: CXX_FEATURE:0cxx_contextual_conversions
    Feature record: CXX_FEATURE:0cxx_decltype
    Feature record: CXX_FEATURE:0cxx_decltype_auto
    Feature record: CXX_FEATURE:0cxx_decltype_incomplete_return_types
    Feature record: CXX_FEATURE:0cxx_default_function_template_args
    Feature record: CXX_FEATURE:0cxx_defaulted_functions
    Feature record: CXX_FEATURE:0cxx_defaulted_move_initializers
    Feature record: CXX_FEATURE:0cxx_delegating_constructors
    Feature record: CXX_FEATURE:0cxx_deleted_functions
    Feature record: CXX_FEATURE:0cxx_digit_separators
    Feature record: CXX_FEATURE:0cxx_enum_forward_declarations
    Feature record: CXX_FEATURE:0cxx_explicit_conversions
    Feature record: CXX_FEATURE:0cxx_extended_friend_declarations
    Feature record: CXX_FEATURE:0cxx_extern_templates
    Feature record: CXX_FEATURE:0cxx_final
    Feature record: CXX_FEATURE:0cxx_func_identifier
    Feature record: CXX_FEATURE:0cxx_generalized_initializers
    Feature record: CXX_FEATURE:0cxx_generic_lambdas
    Feature record: CXX_FEATURE:0cxx_inheriting_constructors
    Feature record: CXX_FEATURE:0cxx_inline_namespaces
    Feature record: CXX_FEATURE:0cxx_lambdas
    Feature record: CXX_FEATURE:0cxx_lambda_init_captures
    Feature record: CXX_FEATURE:0cxx_local_type_template_args
    Feature record: CXX_FEATURE:0cxx_long_long_type
    Feature record: CXX_FEATURE:0cxx_noexcept
    Feature record: CXX_FEATURE:0cxx_nonstatic_member_init
    Feature record: CXX_FEATURE:0cxx_nullptr
    Feature record: CXX_FEATURE:0cxx_override
    Feature record: CXX_FEATURE:0cxx_range_for
    Feature record: CXX_FEATURE:0cxx_raw_string_literals
    Feature record: CXX_FEATURE:0cxx_reference_qualified_functions
    Feature record: CXX_FEATURE:0cxx_relaxed_constexpr
    Feature record: CXX_FEATURE:0cxx_return_type_deduction
    Feature record: CXX_FEATURE:0cxx_right_angle_brackets
    Feature record: CXX_FEATURE:0cxx_rvalue_references
    Feature record: CXX_FEATURE:0cxx_sizeof_member
    Feature record: CXX_FEATURE:0cxx_static_assert
    Feature record: CXX_FEATURE:0cxx_strong_enums
    Feature record: CXX_FEATURE:1cxx_template_template_parameters
    Feature record: CXX_FEATURE:0cxx_thread_local
    Feature record: CXX_FEATURE:0cxx_trailing_return_types
    Feature record: CXX_FEATURE:0cxx_unicode_literals
    Feature record: CXX_FEATURE:0cxx_uniform_initialization
    Feature record: CXX_FEATURE:0cxx_unrestricted_unions
    Feature record: CXX_FEATURE:0cxx_user_literals
    Feature record: CXX_FEATURE:0cxx_variable_templates
    Feature record: CXX_FEATURE:0cxx_variadic_macros
    Feature record: CXX_FEATURE:0cxx_variadic_templates
Performing C++ SOURCE FILE Test HAS_FLTO_THIN succeeded with the following output:
Change Dir: /Volumes/Workspace/apache-datasketches-cpp/build/temp.macosx-10.9-x86_64-3.7/CMakeFiles/CMakeTmp

Run Build Command(s):/usr/bin/make cmTC_bdda2/fast 
/Library/Developer/CommandLineTools/usr/bin/make -f CMakeFiles/cmTC_bdda2.dir/build.make CMakeFiles/cmTC_bdda2.dir/build
Building CXX object CMakeFiles/cmTC_bdda2.dir/src.cxx.o
/Users/andy/miniconda3/bin/c++    -DVERSION_INFO=\"2.0.0b3\" -DHAS_FLTO_THIN -isysroot /Library/Developer/CommandLineTools/SDKs/MacOSX10.15.sdk -fPIE   -flto=thin -o CMakeFiles/cmTC_bdda2.dir/src.cxx.o -c /Volumes/Workspace/apache-datasketches-cpp/build/temp.macosx-10.9-x86_64-3.7/CMakeFiles/CMakeTmp/src.cxx
Linking CXX executable cmTC_bdda2
/Users/andy/miniconda3/bin/cmake -E cmake_link_script CMakeFiles/cmTC_bdda2.dir/link.txt --verbose=1
/Users/andy/miniconda3/bin/c++  -DVERSION_INFO=\"2.0.0b3\" -DHAS_FLTO_THIN -isysroot /Library/Developer/CommandLineTools/SDKs/MacOSX10.15.sdk -Wl,-search_paths_first -Wl,-headerpad_max_install_names   CMakeFiles/cmTC_bdda2.dir/src.cxx.o  -o cmTC_bdda2 -flto=thin 
ld: warning: ignoring file /Library/Developer/CommandLineTools/SDKs/MacOSX10.15.sdk/usr/lib/libSystem.tbd, file was built for unsupported file format ( 0x2D 0x2D 0x2D 0x20 0x21 0x74 0x61 0x70 0x69 0x2D 0x74 0x62 0x64 0x2D 0x76 0x33 ) which is not the architecture being linked (x86_64): /Library/Developer/CommandLineTools/SDKs/MacOSX10.15.sdk/usr/lib/libSystem.tbd

Source file was:
int main() { return 0; }
